<?xml version="1.0" encoding="utf-8"?>
<kahinaDAG>
  <node id="0" caption="start"/>
  <node id="1" caption="&lt;v, {}&gt;(⚫[_X]) --&gt;\n     &lt;TVnp1-70-216--schläft2--0, {}&gt;([_X])\n     no_op ,0,[[-1,-1]],lpa={}"/>
  <node id="2" caption="&lt;TVnp1-70-216--schläft2--0, {}&gt;(⚫[_X0][_X1][schläft][_Y1][_X2][_X2.1][_Y2.1][_Y2][_Y0]) --&gt;\n     &lt;adj, top:v, bot:v, +, {TVnp1-70-215--schläft2--0 }&gt;([_X0],[_Y0])\n     &lt;adj, top:v, bot:v, -, {}&gt;([_X1],[_Y1])\n     &lt;adj, top:v, bot:v, +, {}&gt;([_X2],[_Y2])\n     &lt;adj, top:v, bot:v, -, {}&gt;([_X2.1],[_Y2.1])\n     no_op ,0,[[-1,-1],[-1,-1],[-1,-1],[-1,-1],[-1,-1],[-1,-1],[-1,-1],[-1,-1],[-1,-1]],lpa={}]"/>
  <node id="3" caption="&lt;TVnp1-70-216--schläft2--0, {}&gt;(⚫[_X0][_X1][schläft][_Y1][_X2][_X2.1][_Y2.1][_Y2][_Y0]) --&gt;\n     &lt;adj, top:v, bot:v, +, {}&gt;([_X0],[_Y0])\n     &lt;adj, top:v, bot:v, -, {}&gt;([_X1],[_Y1])\n     &lt;adj, top:v, bot:v, +, {TVnp1-70-215--schläft2--0 }&gt;([_X2],[_Y2])\n     &lt;adj, top:v, bot:v, -, {}&gt;([_X2.1],[_Y2.1])\n     no_op ,0,[[-1,-1],[-1,-1],[-1,-1],[-1,-1],[-1,-1],[-1,-1],[-1,-1],[-1,-1],[-1,-1]],lpa={}]"/>
  <node id="4" caption="&lt;v, {}&gt;(⚫[_X]) --&gt;\n     &lt;TVnp1-72-219--schläft2--2, {}&gt;([_X])\n     no_op ,0,[[-1,-1]],lpa={}"/>
  <node id="5" caption="&lt;TVnp1-72-219--schläft2--2, {}&gt;(⚫[_X0][_X1][schläft][_Y1][_Y0]) --&gt;\n     &lt;adj, top:v, bot:v, +, {TVnp1-72-220--schläft2--2 }&gt;([_X0],[_Y0])\n     &lt;adj, top:v, bot:v, -, {}&gt;([_X1],[_Y1])\n     no_op ,0,[[-1,-1],[-1,-1],[-1,-1],[-1,-1],[-1,-1]],lpa={}"/>
  <node id="6" caption="&lt;adj, top:v, bot:v, +, {}&gt;(⚫[_L],[_R]) --&gt;\n     &lt;TVnp1-70-215--schläft2--0, {}&gt;([_L],[_R])\n     rem TVnp1-70-215--schläft2--0,0,[[-1,-1],[-1,-1]],lpa={TVnp1-70-215--schläft2--0}"/>
  <node id="7" caption="&lt;adj, top:v, bot:v, +, {}&gt;(⚫[],[]) --&gt; [ε]\n     empty ,0,[[-1,-1],[-1,-1]],lpa={}"/>
  <node id="8" caption="&lt;adj, top:v, bot:v, +, {}&gt;(⚫[_L],[_R]) --&gt;\n     &lt;TVnp1-72-220--schläft2--2, {}&gt;([_L],[_R])\n     rem TVnp1-72-220--schläft2--2,0,[[-1,-1],[-1,-1]],lpa={TVnp1-72-220--schläft2--2}"/>
  <node id="9" caption="&lt;TVnp1-70-215--schläft2--0, {}&gt;(⚫[_X0][_S1],[_Y0]) --&gt;\n     &lt;adj, top:v, bot:v, +, {}&gt;([_X0],[_Y0])\n     &lt;sub, top:n, bot:, +, {}&gt;([_S1])\n     trans 0,0,[[-1,-1],[-1,-1],[-1,-1]],lpa={}"/>
  <node id="10" caption="&lt;adj, top:v, bot:v, +, {}&gt;([]⚫,[]) --&gt; [ε]\n     empty ,0,[[0,0],[-1,-1]],lpa={}"/>
  <edge id="0" start="0" end="1" label="init"/>
  <edge id="1" start="1" end="2" label="predict"/>
  <edge id="2" start="1" end="3" label="predict"/>
  <edge id="3" start="0" end="4" label="init"/>
  <edge id="4" start="4" end="5" label="predict"/>
  <edge id="5" start="2" end="6" label="predict"/>
  <edge id="6" start="3" end="7" label="predict"/>
  <edge id="7" start="5" end="8" label="predict"/>
  <edge id="8" start="6" end="9" label="predict"/>
  <edge id="9" start="7" end="10" label="scan_ε"/>
</kahinaDAG>