<?xml version="1.0" encoding="utf-8"?>
<kahinaDAG>
  <node id="1" caption="1"/>
  <node id="2" caption="2"/>
  <node id="3" caption="3"/>
  <node id="4" caption="4"/>
  <node id="5" caption="5"/>
  <node id="6" caption="6"/>
  <node id="7" caption="7"/>
  <node id="8" caption="8"/>
  <node id="9" caption="9"/>
  <node id="10" caption="10"/>
  <node id="11" caption="11"/>
  <node id="12" caption="12"/>
  <node id="13" caption="13"/>
  <node id="14" caption="14"/>
  <node id="15" caption="15"/>
  <node id="16" caption="16"/>
  <node id="17" caption="17"/>
  <node id="18" caption="18"/>
  <node id="19" caption="19"/>
  <node id="20" caption="20"/>
  <node id="21" caption="21"/>
  <node id="22" caption="22"/>
  <node id="23" caption="23"/>
  <node id="24" caption="24"/>
  <node id="25" caption="25"/>
  <node id="26" caption="26"/>
  <node id="27" caption="27"/>
  <node id="28" caption="28"/>
  <node id="29" caption="29"/>
  <node id="30" caption="30"/>
  <node id="31" caption="31"/>
  <node id="32" caption="32"/>
  <node id="33" caption="33"/>
  <node id="34" caption="34"/>
  <node id="35" caption="35"/>
  <node id="36" caption="36"/>
  <edge id="12" start="2" end="4"/>
  <edge id="13" start="2" end="6"/>
  <edge id="14" start="2" end="8"/>
  <edge id="15" start="2" end="10"/>
  <edge id="16" start="2" end="12"/>
  <edge id="17" start="2" end="14"/>
  <edge id="18" start="2" end="16"/>
  <edge id="19" start="2" end="18"/>
  <edge id="20" start="2" end="20"/>
  <edge id="21" start="2" end="22"/>
  <edge id="22" start="2" end="24"/>
  <edge id="64" start="2" end="26"/>
  <edge id="65" start="2" end="28"/>
  <edge id="66" start="2" end="30"/>
  <edge id="67" start="2" end="32"/>
  <edge id="68" start="2" end="34"/>
  <edge id="69" start="2" end="36"/>
  <edge id="1" start="3" end="6"/>
  <edge id="2" start="3" end="9"/>
  <edge id="3" start="3" end="12"/>
  <edge id="4" start="3" end="15"/>
  <edge id="5" start="3" end="18"/>
  <edge id="6" start="3" end="21"/>
  <edge id="7" start="3" end="24"/>
  <edge id="8" start="3" end="27"/>
  <edge id="9" start="3" end="30"/>
  <edge id="10" start="3" end="33"/>
  <edge id="11" start="3" end="36"/>
  <edge id="23" start="4" end="8"/>
  <edge id="24" start="4" end="12"/>
  <edge id="25" start="4" end="16"/>
  <edge id="26" start="4" end="20"/>
  <edge id="27" start="4" end="24"/>
  <edge id="28" start="4" end="38"/>
  <edge id="29" start="4" end="32"/>
  <edge id="30" start="4" end="36"/>
  <edge id="31" start="5" end="10"/>
  <edge id="32" start="5" end="15"/>
  <edge id="33" start="5" end="20"/>
  <edge id="34" start="5" end="25"/>
  <edge id="35" start="5" end="30"/>
  <edge id="36" start="5" end="35"/>
  <edge id="37" start="6" end="12"/>
  <edge id="38" start="6" end="18"/>
  <edge id="39" start="6" end="24"/>
  <edge id="40" start="6" end="30"/>
  <edge id="41" start="6" end="36"/>
  <edge id="42" start="7" end="14"/>
  <edge id="43" start="7" end="21"/>
  <edge id="44" start="7" end="28"/>
  <edge id="45" start="7" end="35"/>
  <edge id="46" start="8" end="16"/>
  <edge id="47" start="8" end="24"/>
  <edge id="48" start="8" end="32"/>
  <edge id="49" start="9" end="18"/>
  <edge id="50" start="9" end="27"/>
  <edge id="51" start="9" end="36"/>
  <edge id="52" start="10" end="20"/>
  <edge id="53" start="10" end="30"/>
  <edge id="54" start="11" end="22"/>
  <edge id="55" start="11" end="33"/>
  <edge id="56" start="12" end="24"/>
  <edge id="57" start="12" end="36"/>
  <edge id="58" start="13" end="26"/>
  <edge id="59" start="14" end="28"/>
  <edge id="60" start="15" end="30"/>
  <edge id="61" start="16" end="32"/>
  <edge id="62" start="17" end="34"/>
  <edge id="63" start="18" end="36"/>
</kahinaDAG>